2025-10-13 10:57:01,759 [INFO] Activator:176 - 


2025-10-13 10:57:01,761 [INFO] Activator:177 - !SESSION log4j initialized
2025-10-13 10:57:04,531 [INFO] LogOutputStream:77 - [STDOUT_REDIRECT] 
2025-10-13 10:57:07,075 [INFO] ApplicationProperties:184 - Using Application install path: C:\ST\STM32CubeIDE_1.16.1\STM32CubeIDE\plugins\com.st.stm32cube.common.mx_6.12.1.202409122256
2025-10-13 10:57:07,094 [INFO] DbMcusXml:78 - Set database path to: C:\ST\STM32CubeIDE_1.16.1\STM32CubeIDE\plugins\com.st.stm32cube.common.mx_6.12.1.202409122256\\db\/mcu/
2025-10-13 10:57:07,094 [INFO] ApiDb:274 - Set plugin database path to: C:\ST\STM32CubeIDE_1.16.1\STM32CubeIDE\plugins\com.st.stm32cube.common.mx_6.12.1.202409122256\\db\/plugins/boardmanager/
2025-10-13 10:57:07,095 [WARN] ApiDb:259 - Overriding images path with different value:  => C:\ST\STM32CubeIDE_1.16.1\STM32CubeIDE\plugins\com.st.stm32cube.common.mx_6.12.1.202409122256\\db\/plugins/mcufinder/images/
2025-10-13 10:57:07,101 [INFO] ApiDb:250 - Set database path to: C:\Users\students\.stmcufinder\plugins\mcufinder//mcu/
2025-10-13 10:57:07,102 [INFO] DbMcusAds:125 - Set database path to: C:\Users\students\.stmcufinder\plugins\mcufinder//mcu/
2025-10-13 10:57:07,104 [INFO] CrossReferenceDbSqlite:203 - Set database path to: C:\Users\students\.stmcufinder\plugins\mcufinder//mcu/cs/
2025-10-13 10:57:07,222 [INFO] RulesReader:64 - Compatibility file has been processed (297 Rules)
2025-10-13 10:57:07,303 [INFO] DbMcusXml:78 - Set database path to: C:\ST\STM32CubeIDE_1.16.1\STM32CubeIDE\plugins\com.st.stm32cube.common.mx_6.12.1.202409122256\\db\/mcu/
2025-10-13 10:57:07,303 [INFO] ApiDb:274 - Set plugin database path to: C:\ST\STM32CubeIDE_1.16.1\STM32CubeIDE\plugins\com.st.stm32cube.common.mx_6.12.1.202409122256\\db\/plugins/boardmanager/
2025-10-13 10:57:07,304 [INFO] ApiDb:261 - Set plugin images path to: C:\ST\STM32CubeIDE_1.16.1\STM32CubeIDE\plugins\com.st.stm32cube.common.mx_6.12.1.202409122256\\db\/plugins/mcufinder/images/
2025-10-13 10:57:07,304 [WARN] DbFile:41 - Overriding database path with different value: C:\Users\students\.stmcufinder\plugins\mcufinder/ => C:\Users\students\.stmcufinder\plugins\mcufinder
2025-10-13 10:57:07,305 [INFO] ApiDb:250 - Set database path to: C:\Users\students\.stmcufinder\plugins\mcufinder//mcu/
2025-10-13 10:57:07,305 [WARN] DbFile:41 - Overriding database path with different value: C:\Users\students\.stmcufinder\plugins\mcufinder/ => C:\Users\students\.stmcufinder\plugins\mcufinder
2025-10-13 10:57:07,305 [INFO] DbMcusAds:125 - Set database path to: C:\Users\students\.stmcufinder\plugins\mcufinder//mcu/
2025-10-13 10:57:07,305 [WARN] DbFile:41 - Overriding database path with different value: C:\Users\students\.stmcufinder\plugins\mcufinder/ => C:\Users\students\.stmcufinder\plugins\mcufinder
2025-10-13 10:57:07,305 [WARN] DbFile:41 - Overriding database path with different value: C:\Users\students\.stmcufinder\plugins\mcufinder/ => C:\Users\students\.stmcufinder\plugins\mcufinder
2025-10-13 10:57:07,305 [INFO] CrossReferenceDbSqlite:203 - Set database path to: C:\Users\students\.stmcufinder\plugins\mcufinder//mcu/cs/
2025-10-13 10:57:07,387 [INFO] MainPanel:268 - HeapMemory: 268435456
2025-10-13 10:57:07,458 [INFO] DbMcusXml:78 - Set database path to: C:\ST\STM32CubeIDE_1.16.1\STM32CubeIDE\plugins\com.st.stm32cube.common.mx_6.12.1.202409122256\\db\/mcu/
2025-10-13 10:57:07,458 [INFO] ApiDb:274 - Set plugin database path to: C:\ST\STM32CubeIDE_1.16.1\STM32CubeIDE\plugins\com.st.stm32cube.common.mx_6.12.1.202409122256\\db\/plugins/boardmanager/
2025-10-13 10:57:07,458 [INFO] ApiDb:261 - Set plugin images path to: C:\ST\STM32CubeIDE_1.16.1\STM32CubeIDE\plugins\com.st.stm32cube.common.mx_6.12.1.202409122256\\db\/plugins/mcufinder/images/
2025-10-13 10:57:07,458 [WARN] DbFile:41 - Overriding database path with different value: C:\Users\students\.stmcufinder\plugins\mcufinder/ => C:\Users\students\.stmcufinder\plugins\mcufinder
2025-10-13 10:57:07,458 [INFO] ApiDb:250 - Set database path to: C:\Users\students\.stmcufinder\plugins\mcufinder//mcu/
2025-10-13 10:57:07,458 [WARN] DbFile:41 - Overriding database path with different value: C:\Users\students\.stmcufinder\plugins\mcufinder/ => C:\Users\students\.stmcufinder\plugins\mcufinder
2025-10-13 10:57:07,458 [INFO] DbMcusAds:125 - Set database path to: C:\Users\students\.stmcufinder\plugins\mcufinder//mcu/
2025-10-13 10:57:07,459 [WARN] DbFile:41 - Overriding database path with different value: C:\Users\students\.stmcufinder\plugins\mcufinder/ => C:\Users\students\.stmcufinder\plugins\mcufinder
2025-10-13 10:57:07,459 [WARN] DbFile:41 - Overriding database path with different value: C:\Users\students\.stmcufinder\plugins\mcufinder/ => C:\Users\students\.stmcufinder\plugins\mcufinder
2025-10-13 10:57:07,459 [INFO] CrossReferenceDbSqlite:203 - Set database path to: C:\Users\students\.stmcufinder\plugins\mcufinder//mcu/cs/
2025-10-13 10:57:07,476 [INFO] ApplicationProperties:184 - Using Application install path: C:\ST\STM32CubeIDE_1.16.1\STM32CubeIDE\plugins\com.st.stm32cube.common.mx_6.12.1.202409122256
2025-10-13 10:57:07,477 [INFO] PluginManage:196 - Search for loadable plugins [exclusion list=, ]
2025-10-13 10:57:07,478 [INFO] PluginManage:310 - Check plugin analytics
2025-10-13 10:57:07,643 [INFO] AnalyticsPlugin:253 - Accepted Software Licenses: 
2025-10-13 10:57:07,643 [INFO] AnalyticsPlugin:255 - Accepted CMSIS Pack Licenses: 
2025-10-13 10:57:07,643 [INFO] AnalyticsPlugin:257 - Accepted Firmware Licenses: FW.G4.1.6.0
2025-10-13 10:57:07,645 [INFO] PluginManage:359 - Loaded plugin analytics (category:tool,tabindex:-1)
2025-10-13 10:57:07,646 [INFO] PluginManage:310 - Check plugin cadmodel
2025-10-13 10:57:07,669 [INFO] CADModel:105 - Init CAD model plugin
2025-10-13 10:57:07,669 [INFO] PluginManage:359 - Loaded plugin cadmodel (category:power,tabindex:5)
2025-10-13 10:57:07,669 [INFO] PluginManage:310 - Check plugin clock
2025-10-13 10:57:07,693 [INFO] PluginManage:359 - Loaded plugin clock (category:base,tabindex:2)
2025-10-13 10:57:07,693 [INFO] PluginManage:310 - Check plugin ddr
2025-10-13 10:57:07,695 [INFO] PluginManage:359 - Loaded plugin ddr (category:tool,tabindex:6)
2025-10-13 10:57:07,695 [INFO] PluginManage:310 - Check plugin filemanager
2025-10-13 10:57:07,823 [INFO] PluginManage:359 - Loaded plugin filemanager (category:base,tabindex:10)
2025-10-13 10:57:07,824 [INFO] PluginManage:310 - Check plugin ipmanager
2025-10-13 10:57:07,833 [INFO] PluginManage:359 - Loaded plugin ipmanager (category:base,tabindex:5)
2025-10-13 10:57:07,833 [INFO] PluginManage:310 - Check plugin lpbam
2025-10-13 10:57:07,855 [INFO] PluginManage:359 - Loaded plugin lpbam (category:base,tabindex:0)
2025-10-13 10:57:07,856 [INFO] PluginManage:310 - Check plugin memorymap
2025-10-13 10:57:07,880 [INFO] PluginManage:359 - Loaded plugin memorymap (category:base,tabindex:4)
2025-10-13 10:57:07,880 [INFO] PluginManage:310 - Check plugin pinoutandconfiguration
2025-10-13 10:57:07,904 [INFO] PluginManage:359 - Loaded plugin pinoutandconfiguration (category:base,tabindex:1)
2025-10-13 10:57:07,904 [INFO] PluginManage:310 - Check plugin pinoutconfig
2025-10-13 10:57:08,022 [WARN] SupportedApi:132 - Cannot load RTOS API schema: s4s-elt-must-match.1: The content of 'definitions' must match (annotation?, (simpleType | complexType)?, (unique | key | keyref)*)). A problem was found starting at: attribute.
2025-10-13 10:57:08,152 [INFO] PluginManage:359 - Loaded plugin pinoutconfig (category:base,tabindex:0)
2025-10-13 10:57:08,152 [INFO] PluginManage:310 - Check plugin power
2025-10-13 10:57:08,173 [INFO] PluginManage:359 - Loaded plugin power (category:power,tabindex:4)
2025-10-13 10:57:08,173 [INFO] PluginManage:310 - Check plugin projectmanager
2025-10-13 10:57:08,188 [INFO] PluginManage:359 - Loaded plugin projectmanager (category:projectmanager,tabindex:4)
2025-10-13 10:57:08,189 [INFO] PluginManage:310 - Check plugin rif
2025-10-13 10:57:08,206 [INFO] PluginManage:359 - Loaded plugin rif (category:base,tabindex:3)
2025-10-13 10:57:08,206 [INFO] PluginManage:310 - Check plugin thirdparty
2025-10-13 10:57:08,538 [INFO] PluginManage:359 - Loaded plugin thirdparty (category:base,tabindex:-1)
2025-10-13 10:57:08,538 [INFO] PluginManage:310 - Check plugin tools
2025-10-13 10:57:08,538 [WARN] IntegrityCheckThread:84 - waiting for thirdparty lock release [integrity check]
2025-10-13 10:57:08,539 [INFO] IntegrityCheckThread:86 - entering critical section [integrity check]
2025-10-13 10:57:08,539 [INFO] ThirdPartyUpdaterWithRetryManager:70 - Updater plugin not ready yet. [1/15]
2025-10-13 10:57:08,588 [INFO] PluginManage:359 - Loaded plugin tools (category:base,tabindex:7)
2025-10-13 10:57:08,589 [INFO] PluginManage:310 - Check plugin tutovideos
2025-10-13 10:57:08,786 [INFO] PluginManage:359 - Loaded plugin tutovideos (category:base,tabindex:-1)
2025-10-13 10:57:08,787 [INFO] PluginManage:310 - Check plugin updater
2025-10-13 10:57:08,802 [INFO] PluginManage:359 - Loaded plugin updater (category:base,tabindex:12)
2025-10-13 10:57:08,802 [INFO] PluginManage:310 - Check plugin userauth
2025-10-13 10:57:08,807 [INFO] UserAuth:113 - Init User Auth plugin
2025-10-13 10:57:08,807 [INFO] PluginManage:359 - Loaded plugin userauth (category:base,tabindex:14)
2025-10-13 10:57:08,807 [INFO] PluginManage:283 - PluginManage : Loaded plugins [18]
2025-10-13 10:57:09,009 [INFO] PinOutPanel:1561 - setPackage(No Configuration,No Configuration)
2025-10-13 10:57:09,093 [INFO] CADModel:165 - CPN selected for project level
2025-10-13 10:57:09,093 [INFO] CADModel:114 - Register for checkConnection events
2025-10-13 10:57:09,119 [INFO] IPUIPlugin:80 - create IPUIPlugin
2025-10-13 10:57:09,119 [INFO] PluginManager:220 - loadIPPluginJar : add adc
2025-10-13 10:57:09,176 [INFO] IPUIPlugin:80 - create IPUIPlugin
2025-10-13 10:57:09,176 [INFO] PluginManager:220 - loadIPPluginJar : add aes
2025-10-13 10:57:09,235 [INFO] IPUIPlugin:80 - create IPUIPlugin
2025-10-13 10:57:09,235 [INFO] PluginManager:220 - loadIPPluginJar : add can
2025-10-13 10:57:09,271 [INFO] IPUIPlugin:80 - create IPUIPlugin
2025-10-13 10:57:09,271 [INFO] PluginManager:220 - loadIPPluginJar : add comp
2025-10-13 10:57:09,319 [INFO] IPUIPlugin:80 - create IPUIPlugin
2025-10-13 10:57:09,319 [INFO] PluginManager:220 - loadIPPluginJar : add cryp
2025-10-13 10:57:09,334 [INFO] IPUIPlugin:80 - create IPUIPlugin
2025-10-13 10:57:09,334 [INFO] PluginManager:220 - loadIPPluginJar : add ddr_ctrl_phy
2025-10-13 10:57:09,377 [INFO] IPUIPlugin:80 - create IPUIPlugin
2025-10-13 10:57:09,377 [INFO] PluginManager:220 - loadIPPluginJar : add dfsdm
2025-10-13 10:57:09,393 [INFO] IPUIPlugin:80 - create IPUIPlugin
2025-10-13 10:57:09,393 [INFO] PluginManager:220 - loadIPPluginJar : add dma
2025-10-13 10:57:09,455 [INFO] IPUIPlugin:80 - create IPUIPlugin
2025-10-13 10:57:09,455 [INFO] PluginManager:220 - loadIPPluginJar : add dma3
2025-10-13 10:57:09,513 [INFO] IPUIPlugin:80 - create IPUIPlugin
2025-10-13 10:57:09,513 [INFO] PluginManager:220 - loadIPPluginJar : add extmemmanager
2025-10-13 10:57:09,541 [INFO] IPUIPlugin:80 - create IPUIPlugin
2025-10-13 10:57:09,541 [INFO] PluginManager:220 - loadIPPluginJar : add fatfs
2025-10-13 10:57:09,599 [INFO] IPUIPlugin:80 - create IPUIPlugin
2025-10-13 10:57:09,599 [INFO] PluginManager:220 - loadIPPluginJar : add fmc
2025-10-13 10:57:09,616 [INFO] IPUIPlugin:80 - create IPUIPlugin
2025-10-13 10:57:09,616 [INFO] PluginManager:220 - loadIPPluginJar : add freertos
2025-10-13 10:57:09,643 [INFO] IPUIPlugin:80 - create IPUIPlugin
2025-10-13 10:57:09,644 [INFO] PluginManager:220 - loadIPPluginJar : add genericplugin
2025-10-13 10:57:09,772 [INFO] IPUIPlugin:80 - create IPUIPlugin
2025-10-13 10:57:09,772 [INFO] PluginManager:220 - loadIPPluginJar : add gfxmmu
2025-10-13 10:57:09,960 [INFO] IPUIPlugin:80 - create IPUIPlugin
2025-10-13 10:57:09,960 [INFO] PluginManager:220 - loadIPPluginJar : add gic
2025-10-13 10:57:09,976 [INFO] IPUIPlugin:80 - create IPUIPlugin
2025-10-13 10:57:09,977 [INFO] PluginManager:220 - loadIPPluginJar : add gpio
2025-10-13 10:57:10,096 [INFO] IPUIPlugin:80 - create IPUIPlugin
2025-10-13 10:57:10,096 [INFO] PluginManager:220 - loadIPPluginJar : add gtzc
2025-10-13 10:57:10,140 [INFO] IPUIPlugin:80 - create IPUIPlugin
2025-10-13 10:57:10,140 [INFO] PluginManager:220 - loadIPPluginJar : add hash
2025-10-13 10:57:10,209 [INFO] IPUIPlugin:80 - create IPUIPlugin
2025-10-13 10:57:10,210 [INFO] PluginManager:220 - loadIPPluginJar : add i2c
2025-10-13 10:57:10,264 [INFO] IPUIPlugin:80 - create IPUIPlugin
2025-10-13 10:57:10,265 [INFO] PluginManager:220 - loadIPPluginJar : add i2s
2025-10-13 10:57:10,320 [INFO] IPUIPlugin:80 - create IPUIPlugin
2025-10-13 10:57:10,320 [INFO] PluginManager:220 - loadIPPluginJar : add i3c
2025-10-13 10:57:10,450 [INFO] IPUIPlugin:80 - create IPUIPlugin
2025-10-13 10:57:10,450 [INFO] PluginManager:220 - loadIPPluginJar : add ipddr
2025-10-13 10:57:10,572 [INFO] IPUIPlugin:80 - create IPUIPlugin
2025-10-13 10:57:10,572 [INFO] PluginManager:220 - loadIPPluginJar : add linkedlist
2025-10-13 10:57:10,622 [INFO] IPUIPlugin:80 - create IPUIPlugin
2025-10-13 10:57:10,622 [INFO] PluginManager:220 - loadIPPluginJar : add lorawan
2025-10-13 10:57:10,673 [INFO] IPUIPlugin:80 - create IPUIPlugin
2025-10-13 10:57:10,673 [INFO] PluginManager:220 - loadIPPluginJar : add ltdc
2025-10-13 10:57:10,690 [INFO] IPUIPlugin:80 - create IPUIPlugin
2025-10-13 10:57:10,690 [INFO] PluginManager:220 - loadIPPluginJar : add mdma
2025-10-13 10:57:10,705 [INFO] IPUIPlugin:80 - create IPUIPlugin
2025-10-13 10:57:10,705 [INFO] PluginManager:220 - loadIPPluginJar : add nvic
2025-10-13 10:57:10,755 [INFO] IPUIPlugin:80 - create IPUIPlugin
2025-10-13 10:57:10,755 [INFO] PluginManager:220 - loadIPPluginJar : add opamp
2025-10-13 10:57:10,841 [INFO] IPUIPlugin:80 - create IPUIPlugin
2025-10-13 10:57:10,842 [INFO] PluginManager:220 - loadIPPluginJar : add openamp
2025-10-13 10:57:10,898 [INFO] IPUIPlugin:80 - create IPUIPlugin
2025-10-13 10:57:10,898 [INFO] PluginManager:220 - loadIPPluginJar : add pdm2pcm
2025-10-13 10:57:10,914 [INFO] IPUIPlugin:80 - create IPUIPlugin
2025-10-13 10:57:10,916 [INFO] PluginManager:220 - loadIPPluginJar : add plateformsettings
2025-10-13 10:57:10,947 [INFO] IPUIPlugin:80 - create IPUIPlugin
2025-10-13 10:57:10,947 [INFO] PluginManager:220 - loadIPPluginJar : add quadspi
2025-10-13 10:57:10,986 [INFO] IPUIPlugin:80 - create IPUIPlugin
2025-10-13 10:57:10,987 [INFO] PluginManager:220 - loadIPPluginJar : add radio
2025-10-13 10:57:11,002 [INFO] IPUIPlugin:80 - create IPUIPlugin
2025-10-13 10:57:11,002 [INFO] PluginManager:220 - loadIPPluginJar : add resmgrutility
2025-10-13 10:57:11,067 [INFO] IPUIPlugin:80 - create IPUIPlugin
2025-10-13 10:57:11,068 [INFO] PluginManager:220 - loadIPPluginJar : add sai
2025-10-13 10:57:11,121 [INFO] IPUIPlugin:80 - create IPUIPlugin
2025-10-13 10:57:11,121 [INFO] PluginManager:220 - loadIPPluginJar : add spi
2025-10-13 10:57:11,211 [INFO] IPUIPlugin:80 - create IPUIPlugin
2025-10-13 10:57:11,211 [INFO] PluginManager:220 - loadIPPluginJar : add stm32_wpan
2025-10-13 10:57:11,243 [INFO] IPUIPlugin:80 - create IPUIPlugin
2025-10-13 10:57:11,243 [INFO] PluginManager:220 - loadIPPluginJar : add tim
2025-10-13 10:57:11,319 [INFO] IPUIPlugin:80 - create IPUIPlugin
2025-10-13 10:57:11,319 [INFO] PluginManager:220 - loadIPPluginJar : add touchsensing
2025-10-13 10:57:11,348 [INFO] IPUIPlugin:80 - create IPUIPlugin
2025-10-13 10:57:11,348 [INFO] PluginManager:220 - loadIPPluginJar : add tracer_emb
2025-10-13 10:57:11,379 [INFO] IPUIPlugin:80 - create IPUIPlugin
2025-10-13 10:57:11,379 [INFO] PluginManager:220 - loadIPPluginJar : add ts
2025-10-13 10:57:11,408 [INFO] IPUIPlugin:80 - create IPUIPlugin
2025-10-13 10:57:11,408 [INFO] PluginManager:220 - loadIPPluginJar : add tsc
2025-10-13 10:57:11,436 [INFO] IPUIPlugin:80 - create IPUIPlugin
2025-10-13 10:57:11,436 [INFO] PluginManager:220 - loadIPPluginJar : add ucpd
2025-10-13 10:57:11,492 [INFO] IPUIPlugin:80 - create IPUIPlugin
2025-10-13 10:57:11,492 [INFO] PluginManager:220 - loadIPPluginJar : add usart
2025-10-13 10:57:11,541 [INFO] ThirdPartyUpdaterWithRetryManager:70 - Updater plugin not ready yet. [2/15]
2025-10-13 10:57:11,549 [INFO] IPUIPlugin:80 - create IPUIPlugin
2025-10-13 10:57:11,549 [INFO] PluginManager:220 - loadIPPluginJar : add usbx
2025-10-13 10:57:11,673 [INFO] CADModel:165 - CPN selected for project level
2025-10-13 10:57:11,673 [INFO] CADModel:114 - Register for checkConnection events
2025-10-13 10:57:11,673 [FATAL] Updater:334 - Updater called before beeing initialized
2025-10-13 10:57:11,673 [ERROR] CADModel:125 - Updater not yet initialized, retry later 
2025-10-13 10:57:11,775 [INFO] CADModel:165 - CPN selected for project level
2025-10-13 10:57:11,775 [INFO] CADModel:114 - Register for checkConnection events
2025-10-13 10:57:11,775 [FATAL] Updater:334 - Updater called before beeing initialized
2025-10-13 10:57:11,775 [ERROR] CADModel:125 - Updater not yet initialized, retry later 
2025-10-13 10:57:11,778 [FATAL] Updater:334 - Updater called before beeing initialized
2025-10-13 10:57:11,875 [FATAL] Updater:334 - Updater called before beeing initialized
2025-10-13 10:57:11,888 [INFO] DbMcusAds:53 - JSON generation date=Thu Oct 02 12:36:05 EEST 2025 (1759397765645)
2025-10-13 10:57:11,888 [FATAL] Updater:334 - Updater called before beeing initialized
2025-10-13 10:57:11,919 [WARN] DetailPanel:346 - Failed to get advertising image, set to default
2025-10-13 10:57:12,007 [FATAL] Updater:334 - Updater called before beeing initialized
2025-10-13 10:57:12,009 [FATAL] Updater:334 - Updater called before beeing initialized
2025-10-13 10:57:12,009 [FATAL] Updater:334 - Updater called before beeing initialized
2025-10-13 10:57:12,009 [WARN] DetailPanel:346 - Failed to get advertising image, set to default
2025-10-13 10:57:12,010 [FATAL] Updater:334 - Updater called before beeing initialized
2025-10-13 10:57:12,072 [ERROR] Updater:1164 - MainUpdater not yet initialized. External WinMGr cannot be set.
2025-10-13 10:57:12,085 [INFO] Updater:1100 - Updater Version found : 6.12.1
2025-10-13 10:57:12,098 [INFO] ApplicationProperties:184 - Using Application install path: C:\ST\STM32CubeIDE_1.16.1\STM32CubeIDE\plugins\com.st.stm32cube.common.mx_6.12.1.202409122256
2025-10-13 10:57:13,678 [ERROR] LogOutputStream:75 - [STDERR_REDIRECT] Oct 13, 2025 10:57:13 AM java.util.prefs.WindowsPreferences <init>
2025-10-13 10:57:13,680 [ERROR] LogOutputStream:75 - [STDERR_REDIRECT] WARNING: Could not open/create prefs root node Software\JavaSoft\Prefs at root 0xffffffff80000002. Windows RegCreateKeyEx(...) returned error code 5.
2025-10-13 10:57:13,680 [ERROR] LogOutputStream:75 - [STDERR_REDIRECT] 
2025-10-13 10:57:13,955 [INFO] MainUpdater:2873 - connection check result : 10
2025-10-13 10:57:13,956 [INFO] MainUpdater:290 - Updater Check For Update Now.
2025-10-13 10:57:13,956 [INFO] MicroXplorer:498 - Change Database Version : DB.6.0.121
2025-10-13 10:57:13,973 [INFO] McuFinderGlobals:63 - Set McuFinder mode to 2 (CubeIDE integrated)
2025-10-13 10:57:13,973 [INFO] UserAuth:179 - activating auth plugin
2025-10-13 10:57:13,987 [INFO] UserAuth:417 - Internet connection configuration mode: 1
2025-10-13 10:57:14,016 [INFO] JxBrowserEngine:152 - Initiate JxBrowser Engine with user profile folder
2025-10-13 10:57:14,234 [INFO] CheckServerUpdateThread:120 - End of CheckServer Thread
2025-10-13 10:57:14,777 [WARN] PackLoader:240 - Cannot read IP mode file for STMicroelectronics.FP-SNS-MOTENVWB1.1.4.0
2025-10-13 10:57:14,799 [WARN] PackLoader:240 - Cannot read IP mode file for STMicroelectronics.FP-ATR-ASTRA1.2.0.2
2025-10-13 10:57:14,818 [WARN] PackLoader:240 - Cannot read IP mode file for STMicroelectronics.X-CUBE-SMBUS.2.1.0
2025-10-13 10:57:14,845 [WARN] PackLoader:240 - Cannot read IP mode file for STMicroelectronics.X-CUBE-WB05N.1.1.0
2025-10-13 10:57:14,859 [ERROR] Engine:466 - C:\Users\students\.stm32cubemx\thirdparties\pdsc\STMicroelectronics.X-CUBE-ST60.1.0.0.pdsc: PDSC version is not supported
2025-10-13 10:57:14,908 [WARN] PackLoader:240 - Cannot read IP mode file for STMicroelectronics.X-CUBE-AZRTOS-F7.1.1.0
2025-10-13 10:57:15,009 [WARN] PackLoader:240 - Cannot read IP mode file for STMicroelectronics.X-CUBE-MEMS1.11.0.0
2025-10-13 10:57:15,172 [WARN] PackLoader:240 - Cannot read IP mode file for STMicroelectronics.FP-SNS-FLIGHT1.5.0.2
2025-10-13 10:57:15,224 [WARN] PackLoader:240 - Cannot read IP mode file for STMicroelectronics.X-CUBE-AZRTOS-H7.3.4.0
2025-10-13 10:57:15,243 [WARN] PackLoader:240 - Cannot read IP mode file for STMicroelectronics.X-CUBE-DISPLAY.3.0.0
2025-10-13 10:57:15,264 [WARN] PackLoader:240 - Cannot read IP mode file for STMicroelectronics.X-CUBE-BLE1.7.0.0
2025-10-13 10:57:15,285 [WARN] PackLoader:240 - Cannot read IP mode file for STMicroelectronics.X-CUBE-NFC10.1.0.0
2025-10-13 10:57:15,308 [WARN] PackLoader:240 - Cannot read IP mode file for STMicroelectronics.X-CUBE-BLEMGR.4.0.0
2025-10-13 10:57:15,326 [WARN] PackLoader:240 - Cannot read IP mode file for emotas.I-CUBE-CANOPEN.1.3.0
2025-10-13 10:57:15,340 [WARN] ConditionMgr:438 - getConditionDescription Invalid condition id : Cortex-A Device cause : null
2025-10-13 10:57:15,369 [WARN] ConditionMgr:1039 - genDependencies : Invalid condition id : Cortex-A Device cause : null
2025-10-13 10:57:15,369 [WARN] ConditionMgr:1039 - genDependencies : Invalid condition id : Cortex-A Device cause : null
2025-10-13 10:57:15,370 [WARN] ConditionMgr:1039 - genDependencies : Invalid condition id : Cortex-A Device cause : null
2025-10-13 10:57:15,388 [WARN] PackLoader:240 - Cannot read IP mode file for STMicroelectronics.X-CUBE-BLEMGR.3.1.0
2025-10-13 10:57:15,405 [WARN] PackLoader:240 - Cannot read IP mode file for STMicroelectronics.X-CUBE-AI.10.0.0
2025-10-13 10:57:15,419 [ERROR] Engine:466 - C:\Users\students\.stm32cubemx\thirdparties\pdsc\STMicroelectronics.FP-SNS-STBOX1.2.1.0.pdsc: PDSC version is not supported
2025-10-13 10:57:15,434 [WARN] PackLoader:240 - Cannot read IP mode file for STMicroelectronics.FP-SNS-SMARTAG2.1.2.0
2025-10-13 10:57:15,447 [ERROR] Engine:466 - C:\Users\students\.stm32cubemx\thirdparties\pdsc\STMicroelectronics.FP-SNS-FLIGHT1.5.1.0.pdsc: PDSC version is not supported
2025-10-13 10:57:15,496 [WARN] PackLoader:240 - Cannot read IP mode file for STMicroelectronics.X-CUBE-MEMS1.11.1.0
2025-10-13 10:57:15,614 [INFO] LogOutputStream:77 - [STDOUT_REDIRECT] 1 : Invalid condition id : UX_CORESTACK_Condition cause : null
2025-10-13 10:57:15,615 [INFO] LogOutputStream:77 - [STDOUT_REDIRECT] 1 : Invalid condition id : UX_CORESTACK_Condition cause : null
2025-10-13 10:57:15,616 [INFO] LogOutputStream:77 - [STDOUT_REDIRECT] 1 : Invalid condition id : UX_CORESTACK_Condition cause : null
2025-10-13 10:57:15,618 [INFO] LogOutputStream:77 - [STDOUT_REDIRECT] 1 : Invalid condition id : UX_CORESTACK_Condition cause : null
2025-10-13 10:57:15,619 [INFO] LogOutputStream:77 - [STDOUT_REDIRECT] 1 : Invalid condition id : UX_CORESTACK_Condition cause : null
2025-10-13 10:57:15,628 [WARN] PackLoader:240 - Cannot read IP mode file for STMicroelectronics.X-CUBE-AZRTOS-WL.2.0.0
2025-10-13 10:57:15,659 [WARN] PackLoader:240 - Cannot read IP mode file for STMicroelectronics.FP-SNS-MOTENV1.5.0.0
2025-10-13 10:57:15,673 [WARN] PackLoader:240 - Cannot read IP mode file for wolfSSL.I-CUBE-wolfMQTT.1.19.0
2025-10-13 10:57:15,690 [WARN] PackLoader:240 - Cannot read IP mode file for WES.I-CUBE-Cesium.1.3.0
2025-10-13 10:57:15,705 [WARN] PackLoader:240 - Cannot read IP mode file for STMicroelectronics.X-CUBE-BLE2.3.3.0
2025-10-13 10:57:15,721 [WARN] PackLoader:240 - Cannot read IP mode file for STMicroelectronics.X-CUBE-NFC9.1.0.0
2025-10-13 10:57:15,736 [WARN] PackLoader:240 - Cannot read IP mode file for STMicroelectronics.X-CUBE-BLE1.7.1.0
2025-10-13 10:57:15,752 [WARN] PackLoader:240 - Cannot read IP mode file for STMicroelectronics.X-CUBE-TCPP.4.1.0
2025-10-13 10:57:15,771 [WARN] PackLoader:240 - Cannot read IP mode file for STMicroelectronics.X-CUBE-EEPRMA1.5.2.0
2025-10-13 10:57:15,786 [ERROR] Engine:466 - C:\Users\students\.stm32cubemx\thirdparties\pdsc\STMicroelectronics.X-CUBE-ST67W61.1.1.0.pdsc: PDSC version is not supported
2025-10-13 10:57:15,837 [WARN] PackLoader:240 - Cannot read IP mode file for STMicroelectronics.X-CUBE-MEMS1.11.2.0
2025-10-13 10:57:15,950 [WARN] PackLoader:240 - Cannot read IP mode file for STMicroelectronics.X-CUBE-AZRTOS-G0.1.1.0
2025-10-13 10:57:15,968 [WARN] PackLoader:240 - Cannot read IP mode file for STMicroelectronics.X-CUBE-SAFEA1.1.2.2
2025-10-13 10:57:15,984 [WARN] PackLoader:240 - Cannot read IP mode file for STMicroelectronics.X-CUBE-NFC4.3.0.0
2025-10-13 10:57:16,004 [WARN] PackLoader:240 - Cannot read IP mode file for EmbeddedOffice.I-CUBE-FS-RTOS.1.0.1
2025-10-13 10:57:16,004 [ERROR] ConditionMgr:805 - Attr not supported : Dmpu
2025-10-13 10:57:16,004 [ERROR] ConditionMgr:805 - Attr not supported : Dmpu
2025-10-13 10:57:16,004 [ERROR] ConditionMgr:805 - Attr not supported : Dmpu
2025-10-13 10:57:16,004 [ERROR] ConditionMgr:805 - Attr not supported : Dmpu
2025-10-13 10:57:16,004 [ERROR] ConditionMgr:805 - Attr not supported : Dmpu
2025-10-13 10:57:16,004 [ERROR] ConditionMgr:805 - Attr not supported : Dmpu
2025-10-13 10:57:16,005 [ERROR] ConditionMgr:805 - Attr not supported : Dmpu
2025-10-13 10:57:16,005 [ERROR] ConditionMgr:805 - Attr not supported : Dmpu
2025-10-13 10:57:16,005 [ERROR] ConditionMgr:805 - Attr not supported : Dmpu
2025-10-13 10:57:16,005 [ERROR] ConditionMgr:805 - Attr not supported : Dmpu
2025-10-13 10:57:16,005 [ERROR] ConditionMgr:805 - Attr not supported : Dmpu
2025-10-13 10:57:16,005 [ERROR] ConditionMgr:805 - Attr not supported : Dmpu
2025-10-13 10:57:16,005 [ERROR] ConditionMgr:805 - Attr not supported : Dmpu
2025-10-13 10:57:16,005 [ERROR] ConditionMgr:805 - Attr not supported : Dmpu
2025-10-13 10:57:16,005 [ERROR] ConditionMgr:805 - Attr not supported : Dmpu
2025-10-13 10:57:16,006 [ERROR] ConditionMgr:805 - Attr not supported : Dmpu
2025-10-13 10:57:16,006 [ERROR] ConditionMgr:805 - Attr not supported : Dmpu
2025-10-13 10:57:16,006 [ERROR] ConditionMgr:805 - Attr not supported : Dmpu
2025-10-13 10:57:16,006 [ERROR] ConditionMgr:805 - Attr not supported : Dmpu
2025-10-13 10:57:16,006 [ERROR] ConditionMgr:805 - Attr not supported : Dmpu
2025-10-13 10:57:16,006 [ERROR] ConditionMgr:805 - Attr not supported : Dmpu
2025-10-13 10:57:16,006 [ERROR] ConditionMgr:805 - Attr not supported : Dmpu
2025-10-13 10:57:16,006 [ERROR] ConditionMgr:805 - Attr not supported : Dmpu
2025-10-13 10:57:16,006 [ERROR] ConditionMgr:805 - Attr not supported : Dmpu
2025-10-13 10:57:16,008 [ERROR] ConditionMgr:805 - Attr not supported : Dmpu
2025-10-13 10:57:16,008 [ERROR] ConditionMgr:805 - Attr not supported : Dmpu
2025-10-13 10:57:16,009 [ERROR] ConditionMgr:805 - Attr not supported : Dmpu
2025-10-13 10:57:16,009 [ERROR] ConditionMgr:805 - Attr not supported : Dmpu
2025-10-13 10:57:16,009 [ERROR] ConditionMgr:805 - Attr not supported : Dmpu
2025-10-13 10:57:16,009 [ERROR] ConditionMgr:805 - Attr not supported : Dmpu
2025-10-13 10:57:16,009 [ERROR] ConditionMgr:805 - Attr not supported : Dmpu
2025-10-13 10:57:16,009 [ERROR] ConditionMgr:805 - Attr not supported : Dmpu
2025-10-13 10:57:16,010 [ERROR] ConditionMgr:805 - Attr not supported : Dmpu
2025-10-13 10:57:16,010 [ERROR] ConditionMgr:805 - Attr not supported : Dmpu
2025-10-13 10:57:16,010 [ERROR] ConditionMgr:805 - Attr not supported : Dmpu
2025-10-13 10:57:16,010 [ERROR] ConditionMgr:805 - Attr not supported : Dmpu
2025-10-13 10:57:16,011 [ERROR] ConditionMgr:805 - Attr not supported : Dmpu
2025-10-13 10:57:16,012 [ERROR] ConditionMgr:805 - Attr not supported : Dmpu
2025-10-13 10:57:16,012 [ERROR] ConditionMgr:805 - Attr not supported : Dmpu
2025-10-13 10:57:16,012 [ERROR] ConditionMgr:805 - Attr not supported : Dmpu
2025-10-13 10:57:16,012 [ERROR] ConditionMgr:805 - Attr not supported : Dmpu
2025-10-13 10:57:16,013 [ERROR] ConditionMgr:805 - Attr not supported : Dmpu
2025-10-13 10:57:16,013 [ERROR] ConditionMgr:805 - Attr not supported : Dmpu
2025-10-13 10:57:16,013 [ERROR] ConditionMgr:805 - Attr not supported : Dmpu
2025-10-13 10:57:16,013 [ERROR] ConditionMgr:805 - Attr not supported : Dmpu
2025-10-13 10:57:16,013 [ERROR] ConditionMgr:805 - Attr not supported : Dmpu
2025-10-13 10:57:16,013 [ERROR] ConditionMgr:805 - Attr not supported : Dmpu
2025-10-13 10:57:16,013 [ERROR] ConditionMgr:805 - Attr not supported : Dmpu
2025-10-13 10:57:16,013 [ERROR] ConditionMgr:805 - Attr not supported : Dmpu
2025-10-13 10:57:16,013 [ERROR] ConditionMgr:805 - Attr not supported : Dmpu
2025-10-13 10:57:16,013 [ERROR] ConditionMgr:805 - Attr not supported : Dmpu
2025-10-13 10:57:16,013 [ERROR] ConditionMgr:805 - Attr not supported : Dmpu
2025-10-13 10:57:16,013 [ERROR] ConditionMgr:805 - Attr not supported : Dmpu
2025-10-13 10:57:16,013 [ERROR] ConditionMgr:805 - Attr not supported : Dmpu
2025-10-13 10:57:16,013 [ERROR] ConditionMgr:805 - Attr not supported : Dmpu
2025-10-13 10:57:16,014 [ERROR] ConditionMgr:805 - Attr not supported : Dmpu
2025-10-13 10:57:16,014 [ERROR] ConditionMgr:805 - Attr not supported : Dmpu
2025-10-13 10:57:16,014 [ERROR] ConditionMgr:805 - Attr not supported : Dmpu
2025-10-13 10:57:16,014 [ERROR] ConditionMgr:805 - Attr not supported : Dmpu
2025-10-13 10:57:16,014 [ERROR] ConditionMgr:805 - Attr not supported : Dmpu
2025-10-13 10:57:16,014 [ERROR] ConditionMgr:805 - Attr not supported : Dmpu
2025-10-13 10:57:16,014 [ERROR] ConditionMgr:805 - Attr not supported : Dmpu
2025-10-13 10:57:16,014 [ERROR] ConditionMgr:805 - Attr not supported : Dmpu
2025-10-13 10:57:16,014 [ERROR] ConditionMgr:805 - Attr not supported : Dmpu
2025-10-13 10:57:16,030 [WARN] PackLoader:240 - Cannot read IP mode file for STMicroelectronics.X-CUBE-WB05N.2.0.0
2025-10-13 10:57:16,045 [ERROR] Engine:466 - C:\Users\students\.stm32cubemx\thirdparties\pdsc\STMicroelectronics.X-CUBE-TCPP.4.2.0.pdsc: PDSC version is not supported
2025-10-13 10:57:16,060 [WARN] PackLoader:240 - Cannot read IP mode file for RealThread.X-CUBE-RT-Thread_Nano.4.1.1
2025-10-13 10:57:16,084 [WARN] PackLoader:240 - Cannot read IP mode file for STMicroelectronics.FP-ATR-SIGFOX1.3.2.0
2025-10-13 10:57:16,097 [WARN] PackLoader:240 - Cannot read IP mode file for wolfSSL.I-CUBE-wolfSSL.5.7.2
2025-10-13 10:57:16,113 [WARN] PackLoader:240 - Cannot read IP mode file for STMicroelectronics.X-CUBE-EEPRMA1.5.1.0
2025-10-13 10:57:16,130 [WARN] PackLoader:240 - Cannot read IP mode file for ITTIA_DB.I-CUBE-ITTIADB.8.9.0
2025-10-13 10:57:16,144 [ERROR] Engine:466 - C:\Users\students\.stm32cubemx\thirdparties\pdsc\STMicroelectronics.X-CUBE-ST67W61.1.0.0.pdsc: PDSC version is not supported
2025-10-13 10:57:16,157 [WARN] PackLoader:240 - Cannot read IP mode file for STMicroelectronics.X-CUBE-AI.10.2.0
2025-10-13 10:57:16,192 [WARN] PackLoader:240 - Cannot read IP mode file for SEGGER.I-CUBE-embOS.1.3.1
2025-10-13 10:57:16,230 [WARN] PackLoader:240 - Cannot read IP mode file for STMicroelectronics.X-CUBE-ALGOBUILD.1.4.0
2025-10-13 10:57:16,293 [WARN] PackLoader:240 - Cannot read IP mode file for STMicroelectronics.X-CUBE-MEMS1.11.3.0
2025-10-13 10:57:16,439 [WARN] PackLoader:240 - Cannot read IP mode file for STMicroelectronics.X-CUBE-AI.9.1.0
2025-10-13 10:57:16,454 [WARN] PackLoader:240 - Cannot read IP mode file for STMicroelectronics.X-CUBE-PM33A1.1.0.0
2025-10-13 10:57:16,484 [WARN] PackLoader:240 - Cannot read IP mode file for STMicroelectronics.X-CUBE-AZRTOS-F4.1.1.0
2025-10-13 10:57:16,501 [ERROR] Engine:466 - C:\Users\students\.stm32cubemx\thirdparties\pdsc\Avnet-IotConnect.X-CUBE-IoTC-DA16k-PMOD.1.0.0.pdsc: PDSC version is not supported
2025-10-13 10:57:16,515 [WARN] PackLoader:240 - Cannot read IP mode file for STMicroelectronics.X-CUBE-ISPU.2.1.0
2025-10-13 10:57:16,532 [ERROR] Engine:466 - C:\Users\students\.stm32cubemx\thirdparties\pdsc\STMicroelectronics.X-CUBE-IPS.3.2.0.pdsc: PDSC version is not supported
2025-10-13 10:57:16,547 [WARN] PackLoader:240 - Cannot read IP mode file for STMicroelectronics.X-CUBE-FREERTOS.1.2.0
2025-10-13 10:57:16,567 [WARN] PackLoader:240 - Cannot read IP mode file for STMicroelectronics.X-CUBE-NFC12.1.0.0
2025-10-13 10:57:16,597 [WARN] PackLoader:240 - Cannot read IP mode file for STMicroelectronics.X-CUBE-AZRTOS-L5.2.0.0
2025-10-13 10:57:16,614 [WARN] PackLoader:240 - Cannot read IP mode file for STMicroelectronics.X-CUBE-NFC6.3.1.0
2025-10-13 10:57:16,631 [WARN] PackLoader:240 - Cannot read IP mode file for STMicroelectronics.X-CUBE-DPower.1.2.0
2025-10-13 10:57:16,646 [WARN] PackLoader:240 - Cannot read IP mode file for STMicroelectronics.X-CUBE-FREERTOS.1.3.1
2025-10-13 10:57:16,660 [WARN] PackLoader:240 - Cannot read IP mode file for STMicroelectronics.X-CUBE-FREERTOS.1.3.0
2025-10-13 10:57:16,676 [WARN] PackLoader:240 - Cannot read IP mode file for STMicroelectronics.X-CUBE-NFC7.1.0.1
2025-10-13 10:57:16,692 [WARN] PackLoader:240 - Cannot read IP mode file for STMicroelectronics.X-CUBE-TOUCHGFX.4.26.0
2025-10-13 10:57:16,704 [ERROR] Engine:466 - C:\Users\students\.stm32cubemx\thirdparties\pdsc\STMicroelectronics.FP-SNS-STAIOTCFT.1.0.0.pdsc: PDSC version is not supported
2025-10-13 10:57:16,719 [WARN] PackLoader:240 - Cannot read IP mode file for STMicroelectronics.X-CUBE-DPower.1.3.0
2025-10-13 10:57:16,750 [WARN] ConditionMgr:438 - getConditionDescription Invalid condition id : LAN8742 Phy interface Condition cause : null
2025-10-13 10:57:16,750 [WARN] PackLoader:240 - Cannot read IP mode file for STMicroelectronics.X-CUBE-AZRTOS-L4.2.0.0
2025-10-13 10:57:16,752 [WARN] ConditionMgr:1039 - genDependencies : Invalid condition id : LAN8742 Phy interface Condition cause : null
2025-10-13 10:57:16,752 [WARN] ConditionMgr:1039 - genDependencies : Invalid condition id : LAN8742 Phy interface Condition cause : null
2025-10-13 10:57:16,753 [WARN] ConditionMgr:1039 - genDependencies : Invalid condition id : LAN8742 Phy interface Condition cause : null
2025-10-13 10:57:16,778 [WARN] PackLoader:240 - Cannot read IP mode file for STMicroelectronics.X-CUBE-SFXS2LP1.4.0.0
2025-10-13 10:57:16,816 [WARN] PackLoader:240 - Cannot read IP mode file for STMicroelectronics.X-CUBE-AZRTOS-H7.3.3.0
2025-10-13 10:57:16,832 [ERROR] Engine:466 - C:\Users\students\.stm32cubemx\thirdparties\pdsc\STMicroelectronics.X-CUBE-BLEMGR.4.1.0.pdsc: PDSC version is not supported
2025-10-13 10:57:16,857 [WARN] PackLoader:240 - Cannot read IP mode file for STMicroelectronics.X-CUBE-IPS.3.0.0
2025-10-13 10:57:16,885 [WARN] ConditionMgr:438 - getConditionDescription Invalid condition id : UX DEVICE CLASS RTOS Condition cause : null
2025-10-13 10:57:16,885 [WARN] ConditionMgr:438 - getConditionDescription Invalid condition id : UX DEVICE CLASS RTOS Condition cause : null
2025-10-13 10:57:16,887 [WARN] PackLoader:240 - Cannot read IP mode file for STMicroelectronics.X-CUBE-AZRTOS-WB.2.0.0
2025-10-13 10:57:16,887 [WARN] ConditionMgr:1039 - genDependencies : Invalid condition id : UX DEVICE CLASS RTOS Condition cause : null
2025-10-13 10:57:16,888 [WARN] ConditionMgr:1039 - genDependencies : Invalid condition id : UX DEVICE CLASS RTOS Condition cause : null
2025-10-13 10:57:16,888 [WARN] ConditionMgr:1039 - genDependencies : Invalid condition id : UX DEVICE CLASS RTOS Condition cause : null
2025-10-13 10:57:16,888 [WARN] ConditionMgr:1039 - genDependencies : Invalid condition id : UX DEVICE CLASS RTOS Condition cause : null
2025-10-13 10:57:16,888 [WARN] ConditionMgr:1039 - genDependencies : Invalid condition id : UX DEVICE CLASS RTOS Condition cause : null
2025-10-13 10:57:16,905 [WARN] PackLoader:240 - Cannot read IP mode file for STMicroelectronics.X-CUBE-GNSS1.7.0.0
2025-10-13 10:57:16,920 [WARN] PackLoader:240 - Cannot read IP mode file for STMicroelectronics.X-CUBE-GNSS1.7.0.1
2025-10-13 10:57:16,935 [WARN] PackLoader:240 - Cannot read IP mode file for STMicroelectronics.X-CUBE-TOUCHGFX.4.25.0
2025-10-13 10:57:16,950 [WARN] PackLoader:240 - Cannot read IP mode file for STMicroelectronics.FP-SNS-STBOX1.2.0.0
2025-10-13 10:57:16,981 [WARN] PackLoader:240 - Cannot read IP mode file for STMicroelectronics.X-CUBE-SUBG2.5.0.0
2025-10-13 10:57:17,015 [WARN] PackLoader:240 - Cannot read IP mode file for STMicroelectronics.X-CUBE-AZRTOS-H7RS.1.1.0
2025-10-13 10:57:17,033 [WARN] PackLoader:240 - Cannot read IP mode file for Cesanta.I-CUBE-Mongoose.7.13.0
2025-10-13 10:57:17,060 [WARN] PackLoader:240 - Cannot read IP mode file for STMicroelectronics.X-CUBE-AZRTOS-G4.2.0.0
2025-10-13 10:57:17,077 [WARN] PackLoader:240 - Cannot read IP mode file for STMicroelectronics.X-CUBE-NFC7.2.0.0
2025-10-13 10:57:17,098 [ERROR] Engine:466 - C:\Users\students\.stm32cubemx\thirdparties\pdsc\STMicroelectronics.X-CUBE-IPS.3.1.0.pdsc: PDSC version is not supported
2025-10-13 10:57:17,114 [WARN] PackLoader:240 - Cannot read IP mode file for STMicroelectronics.X-CUBE-ALS.1.0.2
2025-10-13 10:57:17,133 [WARN] PackLoader:240 - Cannot read IP mode file for STMicroelectronics.X-CUBE-TOUCHGFX.4.24.1
2025-10-13 10:57:17,151 [WARN] PackLoader:240 - Cannot read IP mode file for STMicroelectronics.X-CUBE-STSE01.1.0.0
2025-10-13 10:57:17,168 [WARN] PackLoader:240 - Cannot read IP mode file for wolfSSL.I-CUBE-wolfTPM.3.4.0
2025-10-13 10:57:17,184 [WARN] PackLoader:240 - Cannot read IP mode file for portGmbH.I-Cube-SoM-uGOAL.1.1.0
2025-10-13 10:57:17,213 [WARN] PackLoader:240 - Cannot read IP mode file for STMicroelectronics.X-CUBE-AZRTOS-H7RS.1.0.0
2025-10-13 10:57:17,230 [WARN] PackLoader:240 - Cannot read IP mode file for STMicroelectronics.FP-ATR-ASTRA1.2.0.0
2025-10-13 10:57:17,251 [WARN] PackLoader:240 - Cannot read IP mode file for STMicroelectronics.X-CUBE-TOF1.3.4.2
2025-10-13 10:57:17,278 [ERROR] Engine:466 - C:\Users\students\.stm32cubemx\thirdparties\pdsc\STMicroelectronics.X-CUBE-TOF1.3.4.3.pdsc: PDSC version is not supported
2025-10-13 10:57:17,305 [WARN] PackLoader:240 - Cannot read IP mode file for Infineon.AIROC-Wi-Fi-Bluetooth-STM32.1.6.1
2025-10-13 10:57:17,344 [WARN] PackLoader:240 - Cannot read IP mode file for wolfSSL.I-CUBE-wolfSSH.1.4.17
2025-10-13 10:57:17,345 [INFO] ThirdParty:978 - Integrity check success = true
2025-10-13 10:57:17,345 [INFO] IntegrityCheckThread:100 - exiting critical section [integrity check]
2025-10-13 10:57:17,345 [INFO] IntegrityCheckThread:103 - End integrity checks thread
2025-10-13 10:57:17,425 [INFO] WebApp:167 - Instantiating new browser for Auth
2025-10-13 10:57:18,280 [INFO] WebApp:448 - Apply proxy settings
2025-10-13 10:57:18,280 [INFO] WebApp:533 - Chromium requires no authentication
2025-10-13 10:57:18,288 [INFO] WebApp:476 - Direct internet connection detected
2025-10-13 10:57:18,319 [INFO] WebApp:869 - Register for checkConnection events
2025-10-13 10:57:18,320 [INFO] WebApp:448 - Apply proxy settings
2025-10-13 10:57:18,320 [INFO] WebApp:533 - Chromium requires no authentication
2025-10-13 10:57:18,320 [INFO] WebApp:476 - Direct internet connection detected
2025-10-13 10:57:18,487 [INFO] WebApp:220 - Starting web application
2025-10-13 10:57:18,488 [INFO] WebApp:578 - Web application path used C:\ST\STM32CubeIDE_1.16.1\STM32CubeIDE\plugins\com.st.stm32cube.common.mx_6.12.1.202409122256\db\plugins\mcufinder\reactClient1\index.html
2025-10-13 10:57:18,612 [INFO] WebApp:186 - Connection restablished
2025-10-13 10:58:24,222 [ERROR] LogOutputStream:75 - [STDERR_REDIRECT] 
2025-10-13 10:58:24,232 [ERROR] LogOutputStream:75 - [STDERR_REDIRECT] 
